-------------------------------------------------------------------------------
Test set: com.hikari.demo.DemoApplicationTests
-------------------------------------------------------------------------------
Tests run: 1, Failures: 0, Errors: 1, Skipped: 0, Time elapsed: 6.34 s <<< FAILURE! - in com.hikari.demo.DemoApplicationTests
contextLoads  Time elapsed: 0.002 s  <<< ERROR!
java.lang.IllegalStateException: Failed to load ApplicationContext
Caused by: org.springframework.beans.factory.UnsatisfiedDependencyException: Error creating bean with name 'org.springframework.boot.autoconfigure.orm.jpa.HibernateJpaConfiguration': Unsatisfied dependency expressed through constructor parameter 0; nested exception is org.springframework.beans.factory.BeanCreationException: Error creating bean with name 'dataSource' defined in class path resource [org/springframework/boot/autoconfigure/jdbc/DataSourceConfiguration$Hikari.class]: Initialization of bean failed; nested exception is org.springframework.beans.factory.BeanCreationException: Error creating bean with name 'org.springframework.boot.autoconfigure.jdbc.DataSourceInitializerInvoker': Invocation of init method failed; nested exception is org.springframework.boot.context.properties.source.InvalidConfigurationPropertyValueException: Property spring.datasource.schema with value 'class path resource [autogenkey-schema.sql]' is invalid: No resources were found at location 'classpath:autogenkey-schema.sql'.
Caused by: org.springframework.beans.factory.BeanCreationException: Error creating bean with name 'dataSource' defined in class path resource [org/springframework/boot/autoconfigure/jdbc/DataSourceConfiguration$Hikari.class]: Initialization of bean failed; nested exception is org.springframework.beans.factory.BeanCreationException: Error creating bean with name 'org.springframework.boot.autoconfigure.jdbc.DataSourceInitializerInvoker': Invocation of init method failed; nested exception is org.springframework.boot.context.properties.source.InvalidConfigurationPropertyValueException: Property spring.datasource.schema with value 'class path resource [autogenkey-schema.sql]' is invalid: No resources were found at location 'classpath:autogenkey-schema.sql'.
Caused by: org.springframework.beans.factory.BeanCreationException: Error creating bean with name 'org.springframework.boot.autoconfigure.jdbc.DataSourceInitializerInvoker': Invocation of init method failed; nested exception is org.springframework.boot.context.properties.source.InvalidConfigurationPropertyValueException: Property spring.datasource.schema with value 'class path resource [autogenkey-schema.sql]' is invalid: No resources were found at location 'classpath:autogenkey-schema.sql'.
Caused by: org.springframework.boot.context.properties.source.InvalidConfigurationPropertyValueException: Property spring.datasource.schema with value 'class path resource [autogenkey-schema.sql]' is invalid: No resources were found at location 'classpath:autogenkey-schema.sql'.

